<?xml version="1.0" encoding="UTF-8"?>
<!-- Generated by org.testng.reporters.JUnitReportReporter -->
<testsuite hostname="nada-elsamahy" failures="0" tests="3" name="test.UserRegisterationTest" time="7.538" errors="0" timestamp="2021-05-30T01:24:21 EET" skipped="0">
  <testcase classname="test.UserRegisterationTest" name="RegisteredUserCanLogin" time="2.303"/>
  <system-out/>
  <testcase classname="test.UserRegisterationTest" name="UserCanLogOutSuccssfully" time="3.369"/>
  <system-out/>
  <testcase classname="test.UserRegisterationTest" name="UserCanRegisterSuccssfully" time="1.866"/>
  <system-out/>
</testsuite> <!-- test.UserRegisterationTest -->
